[0mGET / [36m302[0m 435.185 ms - 72[0m
[0mGET /users/sign-in [36m304[0m 56.362 ms - -[0m
[0mGET /favicon.ico [33m404[0m 6.760 ms - 150[0m
[0mGET / [36m302[0m 1.693 ms - 72[0m
[0mPOST /users/create-session [36m302[0m 36.951 ms - 46[0m
[0mGET /users/sign-in [36m302[0m 10.871 ms - 46[0m
[0mGET / [32m200[0m 106.202 ms - 7998[0m
[0mGET /users/sign-out [36m302[0m 7.416 ms - 72[0m
[0mGET /users/sign-in [32m200[0m 5.769 ms - 2497[0m
[0mGET /users/auth/google [36m302[0m 41.341 ms - 0[0m
[0mGET /users/auth/google/callback?code=4%2F0AX4XfWjCUEPUfwAXHtUCrkTa0T9uF6QoHLyGhGzjULpI8XDuTxyylRo0-wV8vyKASZxFgg&scope=email+profile+https%3A%2F%2Fwww.googleapis.com%2Fauth%2Fuserinfo.profile+https%3A%2F%2Fwww.googleapis.com%2Fauth%2Fuserinfo.email+openid&authuser=1&prompt=consent [36m302[0m 565.120 ms - 46[0m
[0mGET / [32m200[0m 27.594 ms - 8096[0m
[0mGET /users/profile/62249a316a80d415accbeb29 [32m200[0m 15.941 ms - 2601[0m
[0mPOST /users/togg-friend/?id=62249a316a80d415accbeb29 [32m200[0m 31.380 ms - 21[0m
[0mGET / [32m200[0m 56.112 ms - 8341[0m
[0mGET /users/sign-out [36m302[0m 7.561 ms - 72[0m
[0mGET /users/sign-in [36m304[0m 4.374 ms - -[0m
[0mGET /users/sign-up [36m304[0m 4.842 ms - -[0m
[0mPOST /users/create [36m302[0m 112.962 ms - 72[0m
[0mGET /users/sign-in [32m200[0m 3.951 ms - 2208[0m
[0mPOST /users/create-session [36m302[0m 7.476 ms - 46[0m
[0mGET / [32m200[0m 28.979 ms - 8242[0m
[0mGET /users/profile/62249a316a80d415accbeb29 [32m200[0m 12.278 ms - 2603[0m
[0mPOST /users/togg-friend/?id=62249a316a80d415accbeb29 [32m200[0m 10.966 ms - 21[0m
[0mGET /users/profile/62249a316a80d415accbeb29 [36m304[0m 12.425 ms - -[0m
[0mGET /users/profile/6225ea6e92f85c13dc465c6a [32m200[0m 10.387 ms - 2611[0m
[0mPOST /users/togg-friend/?id=6225ea6e92f85c13dc465c6a [32m200[0m 9.986 ms - 21[0m
[0mGET / [32m200[0m 39.843 ms - 8784[0m
[0mPOST /likes/toggle/?id=622633ff2cfc7e20ecd5092c&type=Post [32m200[0m 37.329 ms - 57[0m
[0mPOST /likes/toggle/?id=6224a05044a9bf244014274d&type=Post [32m200[0m 8.446 ms - 57[0m
[0mPOST /likes/toggle/?id=62249f9f44a9bf24401426fa&type=Post [32m200[0m 16.909 ms - 57[0m
[0mGET / [32m200[0m 79.580 ms - 8784[0m
[0mGET / [36m304[0m 54.419 ms - -[0m
