[0mGET / [36m302[0m 10.774 ms - 72[0m
[0mGET /users/sign-in [32m200[0m 48.737 ms - 2208[0m
[0mPOST /users/create-session [36m302[0m 39.616 ms - 46[0m
[0mGET / [32m200[0m 161.737 ms - 6885[0m
[0mGET /css/home-16841302cb.css [33m404[0m 7.447 ms - 162[0m
[0mGET /css/home-16841302cb.css [33m404[0m 9.411 ms - 162[0m
[0mGET / [32m200[0m 68.343 ms - 6594[0m
[0mGET /css/home-16841302cb.css [33m404[0m 7.847 ms - 162[0m
[0mGET / [32m200[0m 99.998 ms - 6550[0m
[0mGET /css/home-16841302cb.css [33m404[0m 16.568 ms - 162[0m
[0mGET /undefined [33m404[0m 8.260 ms - 148[0m
[0mGET /undefined [33m404[0m 9.465 ms - 148[0m
[0mGET / [36m304[0m 54.247 ms - -[0m
[0mGET /css/home-16841302cb.css [33m404[0m 12.056 ms - 162[0m
[0mGET /undefined [33m404[0m 12.024 ms - 148[0m
[0mGET /undefined [33m404[0m 8.346 ms - 148[0m
[0mGET / [36m302[0m 5.655 ms - 72[0m
[0mGET /users/sign-in [36m304[0m 412.832 ms - -[0m
[0mPOST /users/create-session [36m302[0m 13.479 ms - 46[0m
[0mGET / [32m200[0m 130.935 ms - 6885[0m
[0mGET /css/home-16841302cb.css [33m404[0m 5.830 ms - 162[0m
[0mGET /css/home-16841302cb.css [33m404[0m 5.800 ms - 162[0m
[0mGET / [32m200[0m 23.661 ms - 6594[0m
[0mGET /css/home-16841302cb.css [33m404[0m 10.141 ms - 162[0m
[0mGET / [32m200[0m 77.177 ms - 6511[0m
[0mGET /undefined [33m404[0m 14.525 ms - 148[0m
[0mGET /undefined [33m404[0m 13.088 ms - 148[0m
[0mGET /undefined [33m404[0m 6.189 ms - 148[0m
[0mGET /undefined [33m404[0m 8.732 ms - 148[0m
[0mGET / [32m200[0m 80.020 ms - 6594[0m
[0mGET /css/home-16841302cb.css [33m404[0m 28.031 ms - 162[0m
[0mGET / [36m304[0m 37.449 ms - -[0m
[0mGET /css/home-16841302cb.css [33m404[0m 14.935 ms - 162[0m
[0mGET / [36m304[0m 84.074 ms - -[0m
[0mGET /css/home-16841302cb.css [33m404[0m 16.950 ms - 162[0m
[0mGET / [32m200[0m 77.334 ms - 6594[0m
[0mGET / [36m304[0m 56.434 ms - -[0m
[0mGET /users/sign-out [36m302[0m 362.525 ms - 72[0m
[0mGET /users/sign-in [32m200[0m 18.220 ms - 2497[0m
[0mGET /users/sign-up [32m200[0m 9.174 ms - 2420[0m
[0mPOST /users/create [36m302[0m 159.873 ms - 72[0m
[0mGET /users/sign-in [32m200[0m 6.855 ms - 2208[0m
[0mPOST /users/create-session [36m302[0m 15.780 ms - 46[0m
[0mGET / [32m200[0m 50.466 ms - 6773[0m
[0mGET /users/profile/62249a316a80d415accbeb29 [32m200[0m 155.304 ms - 2579[0m
[0mGET /js/friendship.js [33m404[0m 6.202 ms - 155[0m
[0mGET /users/togg-friend/?id=62249a316a80d415accbeb29 [33m404[0m 9.399 ms - 157[0m
[0mGET /users/togg-friend/?id=62249a316a80d415accbeb29 [33m404[0m 41.610 ms - 157[0m
[0mGET /users/profile/62249a316a80d415accbeb29 [36m304[0m 35.513 ms - -[0m
[0mGET /js/friendship.js [33m404[0m 10.904 ms - 155[0m
[0mGET /users/togg-friend/?id=62249a316a80d415accbeb29 [33m404[0m 13.233 ms - 157[0m
[0mPOST /likes/toggle/?id=6224a05044a9bf244014274d&type=Post [32m200[0m 78.829 ms - 57[0m
[0mPOST /likes/toggle/?id=6224a05044a9bf244014274d&type=Post [32m200[0m 68.213 ms - 56[0m
[0mPOST /likes/toggle/?id=6224a05044a9bf244014274d&type=Post [32m200[0m 18.805 ms - 57[0m
[0mPOST /likes/toggle/?id=62249f9f44a9bf24401426fa&type=Post [32m200[0m 16.235 ms - 57[0m
[0mGET /users/profile/62249a316a80d415accbeb29 [36m304[0m 23.611 ms - -[0m
[0mGET /js/friendship.js [33m404[0m 7.320 ms - 155[0m
[0mGET /users/profile/6225ea6e92f85c13dc465c6a [32m200[0m 17.386 ms - 2802[0m
[0mGET /js/friendship.js [33m404[0m 18.702 ms - 155[0m
[0mGET /users/profile/62249a316a80d415accbeb29 [36m304[0m 18.155 ms - -[0m
[0mGET /js/friendship.js [33m404[0m 11.441 ms - 155[0m
[0mGET /users/togg-friend/?id=62249a316a80d415accbeb29 [33m404[0m 6.956 ms - 157[0m
[0mGET /users/togg-friend/?id=62249a316a80d415accbeb29 [33m404[0m 6.273 ms - 157[0m
[0mGET /users/profile/62249a316a80d415accbeb29 [36m304[0m 15.093 ms - -[0m
[0mGET /js/friendship.js [33m404[0m 7.513 ms - 155[0m
[0mGET /users/profile/62249a316a80d415accbeb29 [32m200[0m 215.082 ms - 2590[0m
[0mPOST /users/togg-friend/?id=62249a316a80d415accbeb29 [32m200[0m 78.406 ms - 21[0m
[0mGET /users/profile/62249a316a80d415accbeb29 [36m304[0m 20.969 ms - -[0m
[0mPOST /users/togg-friend/?id=62249a316a80d415accbeb29 [32m200[0m 22.518 ms - 21[0m
[0mPOST /users/togg-friend/?id=62249a316a80d415accbeb29 [32m200[0m 17.049 ms - 21[0m
[0mGET /users/profile/62249a316a80d415accbeb29 [36m304[0m 17.936 ms - -[0m
[0mGET / [32m200[0m 187.394 ms - 7018[0m
[0mGET /users/profile/62249a316a80d415accbeb29 [36m304[0m 16.784 ms - -[0m
[0mPOST /users/togg-friend/?id=62249a316a80d415accbeb29 [32m200[0m 20.119 ms - 21[0m
[0mPOST /users/togg-friend/?id=62249a316a80d415accbeb29 [32m200[0m 15.301 ms - 21[0m
[0mGET /users/profile/62249a316a80d415accbeb29 [36m304[0m 15.284 ms - -[0m
[0mGET / [32m200[0m 65.992 ms - 7018[0m
[0mPOST /posts/create [36m302[0m 124.416 ms - 36[0m
[0mGET /users/sign-in [36m304[0m 39.384 ms - -[0m
[0mGET / [36m302[0m 3.205 ms - 72[0m
[0mGET /users/sign-in [36m304[0m 5.077 ms - -[0m
[0mPOST /users/create-session [36m302[0m 5.036 ms - 46[0m
[0mGET / [32m200[0m 39.135 ms - 7025[0m
[0mPOST /posts/create [32m200[0m 18.619 ms - 268[0m
[0mGET /undefined [33m404[0m 3.452 ms - 148[0m
[0mGET / [32m200[0m 30.622 ms - 7998[0m
